[debug] [2020-11-20T05:15:37.960Z] ----------------------------------------------------------------------
[debug] [2020-11-20T05:15:37.962Z] Command:       C:\Program Files\nodejs\node.exe C:\Users\Sumit Gupta\AppData\Roaming\npm\node_modules\firebase-tools\lib\bin\firebase.js init
[debug] [2020-11-20T05:15:37.963Z] CLI Version:   8.16.2
[debug] [2020-11-20T05:15:37.963Z] Platform:      win32
[debug] [2020-11-20T05:15:37.963Z] Node Version:  v10.16.0
[debug] [2020-11-20T05:15:37.964Z] Time:          Fri Nov 20 2020 10:45:37 GMT+0530 (India Standard Time)
[debug] [2020-11-20T05:15:37.964Z] ----------------------------------------------------------------------
[debug] [2020-11-20T05:15:37.964Z] 
[debug] [2020-11-20T05:15:37.970Z] > command requires scopes: ["email","openid","https://www.googleapis.com/auth/cloudplatformprojects.readonly","https://www.googleapis.com/auth/firebase","https://www.googleapis.com/auth/cloud-platform"]
[debug] [2020-11-20T05:15:37.970Z] > authorizing via signed-in user
[info] 
     ######## #### ########  ######## ########     ###     ######  ########
     ##        ##  ##     ## ##       ##     ##  ##   ##  ##       ##
     ######    ##  ########  ######   ########  #########  ######  ######
     ##        ##  ##    ##  ##       ##     ## ##     ##       ## ##
     ##       #### ##     ## ######## ########  ##     ##  ######  ########

You're about to initialize a Firebase project in this directory:

  D:\My projects\student

Before we get started, keep in mind:

  * You are initializing in an existing Firebase project directory

